{"C:\\Users\\JC\\Desktop\\CS468 - TaskTrack\\TaskTrack\\server\\src\\server.ts": {"path":"C:\\Users\\JC\\Desktop\\CS468 - TaskTrack\\TaskTrack\\server\\src\\server.ts","statementMap":{"0":{"start":{"line":12,"column":12},"end":{"line":12,"column":21}},"1":{"start":{"line":15,"column":0},"end":{"line":15,"column":16}},"2":{"start":{"line":19,"column":23},"end":{"line":22,"column":2}},"3":{"start":{"line":25,"column":26},"end":{"line":25,"column":89}},"4":{"start":{"line":27,"column":20},"end":{"line":38,"column":2}},"5":{"start":{"line":30,"column":4},"end":{"line":34,"column":5}},"6":{"start":{"line":31,"column":6},"end":{"line":31,"column":27}},"7":{"start":{"line":33,"column":6},"end":{"line":33,"column":49}},"8":{"start":{"line":42,"column":0},"end":{"line":42,"column":27}},"9":{"start":{"line":43,"column":0},"end":{"line":43,"column":18}},"10":{"start":{"line":44,"column":0},"end":{"line":44,"column":28}},"11":{"start":{"line":45,"column":0},"end":{"line":45,"column":59}},"12":{"start":{"line":55,"column":0},"end":{"line":55,"column":24}},"13":{"start":{"line":56,"column":0},"end":{"line":56,"column":48}},"14":{"start":{"line":58,"column":13},"end":{"line":58,"column":37}},"15":{"start":{"line":61,"column":18},"end":{"line":75,"column":1}},"16":{"start":{"line":62,"column":2},"end":{"line":74,"column":3}},"17":{"start":{"line":63,"column":21},"end":{"line":63,"column":42}},"18":{"start":{"line":64,"column":4},"end":{"line":66,"column":5}},"19":{"start":{"line":65,"column":6},"end":{"line":65,"column":67}},"20":{"start":{"line":68,"column":4},"end":{"line":68,"column":37}},"21":{"start":{"line":69,"column":4},"end":{"line":69,"column":54}},"22":{"start":{"line":71,"column":4},"end":{"line":71,"column":57}},"23":{"start":{"line":73,"column":4},"end":{"line":73,"column":20}},"24":{"start":{"line":78,"column":0},"end":{"line":78,"column":12}},"25":{"start":{"line":82,"column":0},"end":{"line":82,"column":33}},"26":{"start":{"line":83,"column":0},"end":{"line":83,"column":34}},"27":{"start":{"line":86,"column":0},"end":{"line":88,"column":3}},"28":{"start":{"line":87,"column":2},"end":{"line":87,"column":66}},"29":{"start":{"line":90,"column":0},"end":{"line":92,"column":3}},"30":{"start":{"line":91,"column":2},"end":{"line":91,"column":42}},"31":{"start":{"line":95,"column":0},"end":{"line":95,"column":25}},"32":{"start":{"line":96,"column":0},"end":{"line":96,"column":22}},"33":{"start":{"line":98,"column":0},"end":{"line":98,"column":70}},"34":{"start":{"line":98,"column":23},"end":{"line":98,"column":68}}},"fnMap":{"0":{"name":"(anonymous_0)","decl":{"start":{"line":28,"column":10},"end":{"line":28,"column":11}},"loc":{"start":{"line":28,"column":97},"end":{"line":35,"column":3}}},"1":{"name":"(anonymous_1)","decl":{"start":{"line":61,"column":18},"end":{"line":61,"column":23}},"loc":{"start":{"line":61,"column":29},"end":{"line":75,"column":1}}},"2":{"name":"(anonymous_2)","decl":{"start":{"line":86,"column":19},"end":{"line":86,"column":20}},"loc":{"start":{"line":86,"column":32},"end":{"line":88,"column":1}}},"3":{"name":"(anonymous_3)","decl":{"start":{"line":90,"column":13},"end":{"line":90,"column":14}},"loc":{"start":{"line":90,"column":26},"end":{"line":92,"column":1}}},"4":{"name":"(anonymous_4)","decl":{"start":{"line":98,"column":17},"end":{"line":98,"column":20}},"loc":{"start":{"line":98,"column":23},"end":{"line":98,"column":68}}}},"branchMap":{"0":{"loc":{"start":{"line":30,"column":4},"end":{"line":34,"column":5}},"type":"if","locations":[{"start":{"line":30,"column":4},"end":{"line":34,"column":5}},{"start":{"line":32,"column":11},"end":{"line":34,"column":5}}]},"1":{"loc":{"start":{"line":30,"column":8},"end":{"line":30,"column":84}},"type":"binary-expr","locations":[{"start":{"line":30,"column":8},"end":{"line":30,"column":15}},{"start":{"line":30,"column":19},"end":{"line":30,"column":50}},{"start":{"line":30,"column":54},"end":{"line":30,"column":84}}]},"2":{"loc":{"start":{"line":58,"column":13},"end":{"line":58,"column":37}},"type":"binary-expr","locations":[{"start":{"line":58,"column":13},"end":{"line":58,"column":29}},{"start":{"line":58,"column":33},"end":{"line":58,"column":37}}]},"3":{"loc":{"start":{"line":64,"column":4},"end":{"line":66,"column":5}},"type":"if","locations":[{"start":{"line":64,"column":4},"end":{"line":66,"column":5}},{"start":{},"end":{}}]}},"s":{"0":0,"1":0,"2":0,"3":0,"4":0,"5":0,"6":0,"7":0,"8":0,"9":0,"10":0,"11":0,"12":0,"13":0,"14":0,"15":0,"16":0,"17":0,"18":0,"19":0,"20":0,"21":0,"22":0,"23":0,"24":0,"25":0,"26":0,"27":0,"28":0,"29":0,"30":0,"31":0,"32":0,"33":0,"34":0},"f":{"0":0,"1":0,"2":0,"3":0,"4":0},"b":{"0":[0,0],"1":[0,0,0],"2":[0,0],"3":[0,0]}}
,"C:\\Users\\JC\\Desktop\\CS468 - TaskTrack\\TaskTrack\\server\\src\\controllers\\authController.ts": {"path":"C:\\Users\\JC\\Desktop\\CS468 - TaskTrack\\TaskTrack\\server\\src\\controllers\\authController.ts","statementMap":{"0":{"start":{"line":2,"column":0},"end":{"line":2,"column":69}},"1":{"start":{"line":4,"column":24},"end":{"line":11,"column":1}},"2":{"start":{"line":5,"column":40},"end":{"line":5,"column":48}},"3":{"start":{"line":6,"column":17},"end":{"line":6,"column":62}},"4":{"start":{"line":7,"column":2},"end":{"line":9,"column":3}},"5":{"start":{"line":8,"column":4},"end":{"line":8,"column":83}},"6":{"start":{"line":10,"column":2},"end":{"line":10,"column":86}},"7":{"start":{"line":4,"column":13},"end":{"line":4,"column":24}},"8":{"start":{"line":13,"column":21},"end":{"line":20,"column":1}},"9":{"start":{"line":14,"column":30},"end":{"line":14,"column":38}},"10":{"start":{"line":15,"column":17},"end":{"line":15,"column":49}},"11":{"start":{"line":16,"column":2},"end":{"line":18,"column":3}},"12":{"start":{"line":17,"column":4},"end":{"line":17,"column":83}},"13":{"start":{"line":19,"column":2},"end":{"line":19,"column":62}},"14":{"start":{"line":13,"column":13},"end":{"line":13,"column":21}},"15":{"start":{"line":22,"column":18},"end":{"line":25,"column":1}},"16":{"start":{"line":23,"column":16},"end":{"line":23,"column":32}},"17":{"start":{"line":24,"column":2},"end":{"line":24,"column":90}},"18":{"start":{"line":22,"column":13},"end":{"line":22,"column":18}}},"fnMap":{"0":{"name":"(anonymous_0)","decl":{"start":{"line":4,"column":24},"end":{"line":4,"column":29}},"loc":{"start":{"line":4,"column":62},"end":{"line":11,"column":1}}},"1":{"name":"(anonymous_1)","decl":{"start":{"line":13,"column":21},"end":{"line":13,"column":26}},"loc":{"start":{"line":13,"column":59},"end":{"line":20,"column":1}}},"2":{"name":"(anonymous_2)","decl":{"start":{"line":22,"column":18},"end":{"line":22,"column":19}},"loc":{"start":{"line":22,"column":50},"end":{"line":25,"column":1}}}},"branchMap":{"0":{"loc":{"start":{"line":7,"column":2},"end":{"line":9,"column":3}},"type":"if","locations":[{"start":{"line":7,"column":2},"end":{"line":9,"column":3}},{"start":{},"end":{}}]},"1":{"loc":{"start":{"line":16,"column":2},"end":{"line":18,"column":3}},"type":"if","locations":[{"start":{"line":16,"column":2},"end":{"line":18,"column":3}},{"start":{},"end":{}}]}},"s":{"0":6,"1":6,"2":5,"3":5,"4":5,"5":0,"6":5,"7":6,"8":6,"9":1,"10":1,"11":1,"12":0,"13":1,"14":6,"15":6,"16":0,"17":0,"18":6},"f":{"0":5,"1":1,"2":0},"b":{"0":[0,5],"1":[0,1]}}
,"C:\\Users\\JC\\Desktop\\CS468 - TaskTrack\\TaskTrack\\server\\src\\controllers\\taskController.ts": {"path":"C:\\Users\\JC\\Desktop\\CS468 - TaskTrack\\TaskTrack\\server\\src\\controllers\\taskController.ts","statementMap":{"0":{"start":{"line":3,"column":0},"end":{"line":3,"column":110}},"1":{"start":{"line":5,"column":22},"end":{"line":13,"column":1}},"2":{"start":{"line":6,"column":16},"end":{"line":11,"column":4}},"3":{"start":{"line":12,"column":2},"end":{"line":12,"column":25}},"4":{"start":{"line":5,"column":13},"end":{"line":5,"column":22}},"5":{"start":{"line":15,"column":22},"end":{"line":19,"column":1}},"6":{"start":{"line":16,"column":15},"end":{"line":16,"column":58}},"7":{"start":{"line":17,"column":2},"end":{"line":17,"column":72}},"8":{"start":{"line":17,"column":13},"end":{"line":17,"column":72}},"9":{"start":{"line":18,"column":2},"end":{"line":18,"column":24}},"10":{"start":{"line":15,"column":13},"end":{"line":15,"column":22}},"11":{"start":{"line":21,"column":22},"end":{"line":30,"column":1}},"12":{"start":{"line":22,"column":15},"end":{"line":28,"column":4}},"13":{"start":{"line":29,"column":2},"end":{"line":29,"column":36}},"14":{"start":{"line":21,"column":13},"end":{"line":21,"column":22}},"15":{"start":{"line":32,"column":22},"end":{"line":42,"column":1}},"16":{"start":{"line":33,"column":15},"end":{"line":39,"column":4}},"17":{"start":{"line":40,"column":2},"end":{"line":40,"column":72}},"18":{"start":{"line":40,"column":13},"end":{"line":40,"column":72}},"19":{"start":{"line":41,"column":2},"end":{"line":41,"column":24}},"20":{"start":{"line":32,"column":13},"end":{"line":32,"column":22}},"21":{"start":{"line":44,"column":22},"end":{"line":48,"column":1}},"22":{"start":{"line":45,"column":15},"end":{"line":45,"column":61}},"23":{"start":{"line":46,"column":2},"end":{"line":46,"column":72}},"24":{"start":{"line":46,"column":13},"end":{"line":46,"column":72}},"25":{"start":{"line":47,"column":2},"end":{"line":47,"column":60}},"26":{"start":{"line":44,"column":13},"end":{"line":44,"column":22}},"27":{"start":{"line":50,"column":23},"end":{"line":53,"column":1}},"28":{"start":{"line":51,"column":15},"end":{"line":51,"column":44}},"29":{"start":{"line":52,"column":2},"end":{"line":52,"column":24}},"30":{"start":{"line":50,"column":13},"end":{"line":50,"column":23}}},"fnMap":{"0":{"name":"(anonymous_0)","decl":{"start":{"line":5,"column":22},"end":{"line":5,"column":27}},"loc":{"start":{"line":5,"column":64},"end":{"line":13,"column":1}}},"1":{"name":"(anonymous_1)","decl":{"start":{"line":15,"column":22},"end":{"line":15,"column":27}},"loc":{"start":{"line":15,"column":64},"end":{"line":19,"column":1}}},"2":{"name":"(anonymous_2)","decl":{"start":{"line":21,"column":22},"end":{"line":21,"column":27}},"loc":{"start":{"line":21,"column":64},"end":{"line":30,"column":1}}},"3":{"name":"(anonymous_3)","decl":{"start":{"line":32,"column":22},"end":{"line":32,"column":27}},"loc":{"start":{"line":32,"column":64},"end":{"line":42,"column":1}}},"4":{"name":"(anonymous_4)","decl":{"start":{"line":44,"column":22},"end":{"line":44,"column":27}},"loc":{"start":{"line":44,"column":64},"end":{"line":48,"column":1}}},"5":{"name":"(anonymous_5)","decl":{"start":{"line":50,"column":23},"end":{"line":50,"column":28}},"loc":{"start":{"line":50,"column":65},"end":{"line":53,"column":1}}}},"branchMap":{"0":{"loc":{"start":{"line":9,"column":13},"end":{"line":9,"column":67}},"type":"binary-expr","locations":[{"start":{"line":9,"column":13},"end":{"line":9,"column":52}},{"start":{"line":9,"column":56},"end":{"line":9,"column":67}}]},"1":{"loc":{"start":{"line":10,"column":16},"end":{"line":10,"column":68}},"type":"binary-expr","locations":[{"start":{"line":10,"column":16},"end":{"line":10,"column":58}},{"start":{"line":10,"column":62},"end":{"line":10,"column":68}}]},"2":{"loc":{"start":{"line":17,"column":2},"end":{"line":17,"column":72}},"type":"if","locations":[{"start":{"line":17,"column":2},"end":{"line":17,"column":72}},{"start":{},"end":{}}]},"3":{"loc":{"start":{"line":27,"column":13},"end":{"line":27,"column":42}},"type":"binary-expr","locations":[{"start":{"line":27,"column":13},"end":{"line":27,"column":29}},{"start":{"line":27,"column":33},"end":{"line":27,"column":42}}]},"4":{"loc":{"start":{"line":38,"column":13},"end":{"line":38,"column":42}},"type":"binary-expr","locations":[{"start":{"line":38,"column":13},"end":{"line":38,"column":29}},{"start":{"line":38,"column":33},"end":{"line":38,"column":42}}]},"5":{"loc":{"start":{"line":40,"column":2},"end":{"line":40,"column":72}},"type":"if","locations":[{"start":{"line":40,"column":2},"end":{"line":40,"column":72}},{"start":{},"end":{}}]},"6":{"loc":{"start":{"line":46,"column":2},"end":{"line":46,"column":72}},"type":"if","locations":[{"start":{"line":46,"column":2},"end":{"line":46,"column":72}},{"start":{},"end":{}}]}},"s":{"0":4,"1":4,"2":1,"3":1,"4":4,"5":4,"6":1,"7":1,"8":1,"9":0,"10":4,"11":4,"12":4,"13":4,"14":4,"15":4,"16":1,"17":1,"18":0,"19":1,"20":4,"21":4,"22":1,"23":1,"24":0,"25":1,"26":4,"27":4,"28":1,"29":1,"30":4},"f":{"0":1,"1":1,"2":4,"3":1,"4":1,"5":1},"b":{"0":[1,1],"1":[1,1],"2":[1,0],"3":[4,4],"4":[1,1],"5":[0,1],"6":[0,1]}}
,"C:\\Users\\JC\\Desktop\\CS468 - TaskTrack\\TaskTrack\\server\\src\\middleware\\auth.ts": {"path":"C:\\Users\\JC\\Desktop\\CS468 - TaskTrack\\TaskTrack\\server\\src\\middleware\\auth.ts","statementMap":{"0":{"start":{"line":2,"column":0},"end":{"line":2,"column":31}},"1":{"start":{"line":3,"column":0},"end":{"line":3,"column":37}},"2":{"start":{"line":10,"column":33},"end":{"line":36,"column":1}},"3":{"start":{"line":11,"column":2},"end":{"line":35,"column":3}},"4":{"start":{"line":12,"column":23},"end":{"line":12,"column":48}},"5":{"start":{"line":13,"column":18},"end":{"line":13,"column":56}},"6":{"start":{"line":15,"column":4},"end":{"line":17,"column":5}},"7":{"start":{"line":16,"column":6},"end":{"line":16,"column":72}},"8":{"start":{"line":19,"column":23},"end":{"line":19,"column":45}},"9":{"start":{"line":20,"column":4},"end":{"line":22,"column":5}},"10":{"start":{"line":21,"column":6},"end":{"line":21,"column":76}},"11":{"start":{"line":24,"column":20},"end":{"line":24,"column":71}},"12":{"start":{"line":25,"column":17},"end":{"line":25,"column":72}},"13":{"start":{"line":27,"column":4},"end":{"line":29,"column":5}},"14":{"start":{"line":28,"column":6},"end":{"line":28,"column":64}},"15":{"start":{"line":31,"column":4},"end":{"line":31,"column":20}},"16":{"start":{"line":32,"column":4},"end":{"line":32,"column":11}},"17":{"start":{"line":34,"column":4},"end":{"line":34,"column":73}},"18":{"start":{"line":10,"column":13},"end":{"line":10,"column":33}}},"fnMap":{"0":{"name":"(anonymous_1)","decl":{"start":{"line":10,"column":33},"end":{"line":10,"column":38}},"loc":{"start":{"line":10,"column":95},"end":{"line":36,"column":1}}}},"branchMap":{"0":{"loc":{"start":{"line":13,"column":18},"end":{"line":13,"column":56}},"type":"binary-expr","locations":[{"start":{"line":13,"column":18},"end":{"line":13,"column":28}},{"start":{"line":13,"column":32},"end":{"line":13,"column":56}}]},"1":{"loc":{"start":{"line":15,"column":4},"end":{"line":17,"column":5}},"type":"if","locations":[{"start":{"line":15,"column":4},"end":{"line":17,"column":5}},{"start":{},"end":{}}]},"2":{"loc":{"start":{"line":20,"column":4},"end":{"line":22,"column":5}},"type":"if","locations":[{"start":{"line":20,"column":4},"end":{"line":22,"column":5}},{"start":{},"end":{}}]},"3":{"loc":{"start":{"line":27,"column":4},"end":{"line":29,"column":5}},"type":"if","locations":[{"start":{"line":27,"column":4},"end":{"line":29,"column":5}},{"start":{},"end":{}}]}},"s":{"0":6,"1":6,"2":6,"3":10,"4":10,"5":10,"6":10,"7":1,"8":9,"9":9,"10":0,"11":9,"12":9,"13":9,"14":0,"15":9,"16":9,"17":0,"18":6},"f":{"0":10},"b":{"0":[10,9],"1":[1,9],"2":[0,9],"3":[0,9]}}
,"C:\\Users\\JC\\Desktop\\CS468 - TaskTrack\\TaskTrack\\server\\src\\middleware\\errorHandler.ts": {"path":"C:\\Users\\JC\\Desktop\\CS468 - TaskTrack\\TaskTrack\\server\\src\\middleware\\errorHandler.ts","statementMap":{"0":{"start":{"line":2,"column":0},"end":{"line":2,"column":60}},"1":{"start":{"line":4,"column":31},"end":{"line":6,"column":1}},"2":{"start":{"line":5,"column":2},"end":{"line":5,"column":55}},"3":{"start":{"line":4,"column":13},"end":{"line":4,"column":31}},"4":{"start":{"line":8,"column":28},"end":{"line":20,"column":1}},"5":{"start":{"line":9,"column":2},"end":{"line":11,"column":3}},"6":{"start":{"line":10,"column":4},"end":{"line":10,"column":91}},"7":{"start":{"line":13,"column":2},"end":{"line":15,"column":3}},"8":{"start":{"line":14,"column":4},"end":{"line":14,"column":58}},"9":{"start":{"line":17,"column":21},"end":{"line":17,"column":100}},"10":{"start":{"line":18,"column":18},"end":{"line":18,"column":78}},"11":{"start":{"line":19,"column":2},"end":{"line":19,"column":50}},"12":{"start":{"line":8,"column":13},"end":{"line":8,"column":28}},"13":{"start":{"line":22,"column":28},"end":{"line":26,"column":1}},"14":{"start":{"line":23,"column":2},"end":{"line":25,"column":4}},"15":{"start":{"line":24,"column":4},"end":{"line":24,"column":35}},"16":{"start":{"line":22,"column":13},"end":{"line":22,"column":28}}},"fnMap":{"0":{"name":"(anonymous_0)","decl":{"start":{"line":4,"column":31},"end":{"line":4,"column":32}},"loc":{"start":{"line":4,"column":63},"end":{"line":6,"column":1}}},"1":{"name":"(anonymous_1)","decl":{"start":{"line":8,"column":28},"end":{"line":8,"column":29}},"loc":{"start":{"line":8,"column":95},"end":{"line":20,"column":1}}},"2":{"name":"(anonymous_2)","decl":{"start":{"line":22,"column":28},"end":{"line":22,"column":106}},"loc":{"start":{"line":22,"column":115},"end":{"line":26,"column":1}}},"3":{"name":"(anonymous_3)","decl":{"start":{"line":23,"column":9},"end":{"line":23,"column":10}},"loc":{"start":{"line":23,"column":61},"end":{"line":25,"column":3}}}},"branchMap":{"0":{"loc":{"start":{"line":9,"column":2},"end":{"line":11,"column":3}},"type":"if","locations":[{"start":{"line":9,"column":2},"end":{"line":11,"column":3}},{"start":{},"end":{}}]},"1":{"loc":{"start":{"line":13,"column":2},"end":{"line":15,"column":3}},"type":"if","locations":[{"start":{"line":13,"column":2},"end":{"line":15,"column":3}},{"start":{},"end":{}}]},"2":{"loc":{"start":{"line":13,"column":6},"end":{"line":13,"column":67}},"type":"binary-expr","locations":[{"start":{"line":13,"column":6},"end":{"line":13,"column":26}},{"start":{"line":13,"column":30},"end":{"line":13,"column":67}}]},"3":{"loc":{"start":{"line":17,"column":21},"end":{"line":17,"column":100}},"type":"cond-expr","locations":[{"start":{"line":17,"column":72},"end":{"line":17,"column":94}},{"start":{"line":17,"column":97},"end":{"line":17,"column":100}}]},"4":{"loc":{"start":{"line":17,"column":21},"end":{"line":17,"column":68}},"type":"binary-expr","locations":[{"start":{"line":17,"column":21},"end":{"line":17,"column":41}},{"start":{"line":17,"column":46},"end":{"line":17,"column":68}}]},"5":{"loc":{"start":{"line":18,"column":18},"end":{"line":18,"column":78}},"type":"cond-expr","locations":[{"start":{"line":18,"column":41},"end":{"line":18,"column":52}},{"start":{"line":18,"column":55},"end":{"line":18,"column":78}}]}},"s":{"0":6,"1":6,"2":0,"3":6,"4":6,"5":5,"6":5,"7":0,"8":0,"9":0,"10":0,"11":0,"12":6,"13":6,"14":36,"15":15,"16":6},"f":{"0":0,"1":5,"2":36,"3":15},"b":{"0":[5,0],"1":[0,0],"2":[0,0],"3":[0,0],"4":[0,0],"5":[0,0]}}
,"C:\\Users\\JC\\Desktop\\CS468 - TaskTrack\\TaskTrack\\server\\src\\middleware\\validation.ts": {"path":"C:\\Users\\JC\\Desktop\\CS468 - TaskTrack\\TaskTrack\\server\\src\\middleware\\validation.ts","statementMap":{"0":{"start":{"line":2,"column":0},"end":{"line":2,"column":73}},"1":{"start":{"line":3,"column":0},"end":{"line":3,"column":48}},"2":{"start":{"line":5,"column":24},"end":{"line":16,"column":1}},"3":{"start":{"line":6,"column":2},"end":{"line":15,"column":4}},"4":{"start":{"line":7,"column":4},"end":{"line":7,"column":74}},"5":{"start":{"line":7,"column":52},"end":{"line":7,"column":71}},"6":{"start":{"line":9,"column":19},"end":{"line":9,"column":40}},"7":{"start":{"line":10,"column":4},"end":{"line":12,"column":5}},"8":{"start":{"line":11,"column":6},"end":{"line":11,"column":20}},"9":{"start":{"line":14,"column":4},"end":{"line":14,"column":72}},"10":{"start":{"line":5,"column":13},"end":{"line":5,"column":24}},"11":{"start":{"line":18,"column":13},"end":{"line":28,"column":2}},"12":{"start":{"line":30,"column":13},"end":{"line":61,"column":2}},"13":{"start":{"line":54,"column":6},"end":{"line":54,"column":38}},"14":{"start":{"line":54,"column":26},"end":{"line":54,"column":38}},"15":{"start":{"line":55,"column":6},"end":{"line":55,"column":39}}},"fnMap":{"0":{"name":"(anonymous_0)","decl":{"start":{"line":5,"column":24},"end":{"line":5,"column":25}},"loc":{"start":{"line":5,"column":47},"end":{"line":16,"column":1}}},"1":{"name":"(anonymous_1)","decl":{"start":{"line":6,"column":9},"end":{"line":6,"column":14}},"loc":{"start":{"line":6,"column":67},"end":{"line":15,"column":3}}},"2":{"name":"(anonymous_2)","decl":{"start":{"line":7,"column":38},"end":{"line":7,"column":48}},"loc":{"start":{"line":7,"column":52},"end":{"line":7,"column":71}}},"3":{"name":"(anonymous_3)","decl":{"start":{"line":53,"column":38},"end":{"line":53,"column":39}},"loc":{"start":{"line":53,"column":48},"end":{"line":56,"column":5}}}},"branchMap":{"0":{"loc":{"start":{"line":10,"column":4},"end":{"line":12,"column":5}},"type":"if","locations":[{"start":{"line":10,"column":4},"end":{"line":12,"column":5}},{"start":{},"end":{}}]},"1":{"loc":{"start":{"line":54,"column":6},"end":{"line":54,"column":38}},"type":"if","locations":[{"start":{"line":54,"column":6},"end":{"line":54,"column":38}},{"start":{},"end":{}}]}},"s":{"0":6,"1":6,"2":6,"3":32,"4":20,"5":67,"6":20,"7":20,"8":15,"9":5,"10":6,"11":6,"12":6,"13":0,"14":0,"15":0},"f":{"0":32,"1":20,"2":67,"3":0},"b":{"0":[15,5],"1":[0,0]}}
,"C:\\Users\\JC\\Desktop\\CS468 - TaskTrack\\TaskTrack\\server\\src\\models\\Task.ts": {"path":"C:\\Users\\JC\\Desktop\\CS468 - TaskTrack\\TaskTrack\\server\\src\\models\\Task.ts","statementMap":{"0":{"start":{"line":1,"column":0},"end":{"line":1,"column":54}},"1":{"start":{"line":14,"column":19},"end":{"line":46,"column":2}},"2":{"start":{"line":48,"column":0},"end":{"line":48,"column":57}}},"fnMap":{},"branchMap":{},"s":{"0":4,"1":4,"2":4},"f":{},"b":{}}
,"C:\\Users\\JC\\Desktop\\CS468 - TaskTrack\\TaskTrack\\server\\src\\models\\User.ts": {"path":"C:\\Users\\JC\\Desktop\\CS468 - TaskTrack\\TaskTrack\\server\\src\\models\\User.ts","statementMap":{"0":{"start":{"line":1,"column":0},"end":{"line":1,"column":54}},"1":{"start":{"line":2,"column":0},"end":{"line":2,"column":30}},"2":{"start":{"line":13,"column":19},"end":{"line":37,"column":2}},"3":{"start":{"line":40,"column":0},"end":{"line":50,"column":3}},"4":{"start":{"line":41,"column":2},"end":{"line":41,"column":50}},"5":{"start":{"line":41,"column":36},"end":{"line":41,"column":50}},"6":{"start":{"line":43,"column":2},"end":{"line":49,"column":3}},"7":{"start":{"line":44,"column":17},"end":{"line":44,"column":41}},"8":{"start":{"line":45,"column":4},"end":{"line":45,"column":59}},"9":{"start":{"line":46,"column":4},"end":{"line":46,"column":11}},"10":{"start":{"line":48,"column":4},"end":{"line":48,"column":25}},"11":{"start":{"line":53,"column":0},"end":{"line":55,"column":2}},"12":{"start":{"line":54,"column":2},"end":{"line":54,"column":58}},"13":{"start":{"line":57,"column":0},"end":{"line":57,"column":57}}},"fnMap":{"0":{"name":"(anonymous_10)","decl":{"start":{"line":40,"column":23},"end":{"line":40,"column":28}},"loc":{"start":{"line":40,"column":42},"end":{"line":50,"column":1}}},"1":{"name":"(anonymous_11)","decl":{"start":{"line":53,"column":37},"end":{"line":53,"column":42}},"loc":{"start":{"line":53,"column":77},"end":{"line":55,"column":1}}}},"branchMap":{"0":{"loc":{"start":{"line":41,"column":2},"end":{"line":41,"column":50}},"type":"if","locations":[{"start":{"line":41,"column":2},"end":{"line":41,"column":50}},{"start":{},"end":{}}]}},"s":{"0":6,"1":6,"2":6,"3":6,"4":5,"5":0,"6":5,"7":5,"8":5,"9":5,"10":0,"11":6,"12":1,"13":6},"f":{"0":5,"1":1},"b":{"0":[0,5]}}
,"C:\\Users\\JC\\Desktop\\CS468 - TaskTrack\\TaskTrack\\server\\src\\routes\\auth.ts": {"path":"C:\\Users\\JC\\Desktop\\CS468 - TaskTrack\\TaskTrack\\server\\src\\routes\\auth.ts","statementMap":{"0":{"start":{"line":1,"column":0},"end":{"line":1,"column":30}},"1":{"start":{"line":2,"column":0},"end":{"line":2,"column":76}},"2":{"start":{"line":3,"column":0},"end":{"line":3,"column":71}},"3":{"start":{"line":4,"column":0},"end":{"line":4,"column":61}},"4":{"start":{"line":5,"column":0},"end":{"line":5,"column":67}},"5":{"start":{"line":7,"column":15},"end":{"line":7,"column":31}},"6":{"start":{"line":10,"column":0},"end":{"line":10,"column":99}},"7":{"start":{"line":13,"column":0},"end":{"line":13,"column":90}},"8":{"start":{"line":16,"column":0},"end":{"line":16,"column":56}},"9":{"start":{"line":18,"column":0},"end":{"line":18,"column":22}}},"fnMap":{},"branchMap":{},"s":{"0":6,"1":6,"2":6,"3":6,"4":6,"5":6,"6":6,"7":6,"8":6,"9":6},"f":{},"b":{}}
,"C:\\Users\\JC\\Desktop\\CS468 - TaskTrack\\TaskTrack\\server\\src\\routes\\tasks.ts": {"path":"C:\\Users\\JC\\Desktop\\CS468 - TaskTrack\\TaskTrack\\server\\src\\routes\\tasks.ts","statementMap":{"0":{"start":{"line":1,"column":0},"end":{"line":1,"column":30}},"1":{"start":{"line":2,"column":0},"end":{"line":2,"column":76}},"2":{"start":{"line":3,"column":0},"end":{"line":3,"column":71}},"3":{"start":{"line":4,"column":0},"end":{"line":4,"column":61}},"4":{"start":{"line":5,"column":0},"end":{"line":5,"column":67}},"5":{"start":{"line":7,"column":15},"end":{"line":7,"column":31}},"6":{"start":{"line":10,"column":0},"end":{"line":10,"column":103}},"7":{"start":{"line":13,"column":0},"end":{"line":13,"column":105}},"8":{"start":{"line":16,"column":0},"end":{"line":16,"column":106}},"9":{"start":{"line":19,"column":0},"end":{"line":19,"column":108}},"10":{"start":{"line":22,"column":0},"end":{"line":22,"column":111}},"11":{"start":{"line":25,"column":0},"end":{"line":25,"column":86}},"12":{"start":{"line":27,"column":0},"end":{"line":27,"column":22}}},"fnMap":{},"branchMap":{},"s":{"0":4,"1":4,"2":4,"3":4,"4":4,"5":4,"6":4,"7":4,"8":4,"9":4,"10":4,"11":4,"12":4},"f":{},"b":{}}
,"C:\\Users\\JC\\Desktop\\CS468 - TaskTrack\\TaskTrack\\server\\src\\services\\authService.ts": {"path":"C:\\Users\\JC\\Desktop\\CS468 - TaskTrack\\TaskTrack\\server\\src\\services\\authService.ts","statementMap":{"0":{"start":{"line":1,"column":0},"end":{"line":1,"column":31}},"1":{"start":{"line":2,"column":0},"end":{"line":2,"column":37}},"2":{"start":{"line":4,"column":28},"end":{"line":28,"column":1}},"3":{"start":{"line":5,"column":23},"end":{"line":7,"column":4}},"4":{"start":{"line":9,"column":2},"end":{"line":12,"column":3}},"5":{"start":{"line":10,"column":20},"end":{"line":10,"column":104}},"6":{"start":{"line":11,"column":4},"end":{"line":11,"column":56}},"7":{"start":{"line":14,"column":15},"end":{"line":14,"column":54}},"8":{"start":{"line":15,"column":2},"end":{"line":15,"column":20}},"9":{"start":{"line":17,"column":21},"end":{"line":17,"column":43}},"10":{"start":{"line":18,"column":2},"end":{"line":20,"column":3}},"11":{"start":{"line":19,"column":4},"end":{"line":19,"column":74}},"12":{"start":{"line":22,"column":16},"end":{"line":22,"column":79}},"13":{"start":{"line":24,"column":2},"end":{"line":27,"column":13}},"14":{"start":{"line":4,"column":13},"end":{"line":4,"column":28}},"15":{"start":{"line":30,"column":25},"end":{"line":52,"column":1}},"16":{"start":{"line":31,"column":15},"end":{"line":31,"column":44}},"17":{"start":{"line":32,"column":2},"end":{"line":34,"column":3}},"18":{"start":{"line":33,"column":4},"end":{"line":33,"column":79}},"19":{"start":{"line":36,"column":18},"end":{"line":36,"column":54}},"20":{"start":{"line":37,"column":2},"end":{"line":39,"column":3}},"21":{"start":{"line":38,"column":4},"end":{"line":38,"column":79}},"22":{"start":{"line":41,"column":21},"end":{"line":41,"column":43}},"23":{"start":{"line":42,"column":2},"end":{"line":44,"column":3}},"24":{"start":{"line":43,"column":4},"end":{"line":43,"column":74}},"25":{"start":{"line":46,"column":16},"end":{"line":46,"column":79}},"26":{"start":{"line":48,"column":2},"end":{"line":51,"column":13}},"27":{"start":{"line":30,"column":13},"end":{"line":30,"column":25}}},"fnMap":{"0":{"name":"(anonymous_1)","decl":{"start":{"line":4,"column":28},"end":{"line":4,"column":33}},"loc":{"start":{"line":4,"column":88},"end":{"line":28,"column":1}}},"1":{"name":"(anonymous_2)","decl":{"start":{"line":30,"column":25},"end":{"line":30,"column":30}},"loc":{"start":{"line":30,"column":67},"end":{"line":52,"column":1}}}},"branchMap":{"0":{"loc":{"start":{"line":9,"column":2},"end":{"line":12,"column":3}},"type":"if","locations":[{"start":{"line":9,"column":2},"end":{"line":12,"column":3}},{"start":{},"end":{}}]},"1":{"loc":{"start":{"line":10,"column":20},"end":{"line":10,"column":104}},"type":"cond-expr","locations":[{"start":{"line":10,"column":51},"end":{"line":10,"column":77}},{"start":{"line":10,"column":80},"end":{"line":10,"column":104}}]},"2":{"loc":{"start":{"line":18,"column":2},"end":{"line":20,"column":3}},"type":"if","locations":[{"start":{"line":18,"column":2},"end":{"line":20,"column":3}},{"start":{},"end":{}}]},"3":{"loc":{"start":{"line":32,"column":2},"end":{"line":34,"column":3}},"type":"if","locations":[{"start":{"line":32,"column":2},"end":{"line":34,"column":3}},{"start":{},"end":{}}]},"4":{"loc":{"start":{"line":37,"column":2},"end":{"line":39,"column":3}},"type":"if","locations":[{"start":{"line":37,"column":2},"end":{"line":39,"column":3}},{"start":{},"end":{}}]},"5":{"loc":{"start":{"line":42,"column":2},"end":{"line":44,"column":3}},"type":"if","locations":[{"start":{"line":42,"column":2},"end":{"line":44,"column":3}},{"start":{},"end":{}}]}},"s":{"0":6,"1":6,"2":6,"3":5,"4":5,"5":0,"6":0,"7":5,"8":5,"9":5,"10":5,"11":0,"12":5,"13":5,"14":6,"15":6,"16":1,"17":1,"18":0,"19":1,"20":1,"21":0,"22":1,"23":1,"24":0,"25":1,"26":1,"27":6},"f":{"0":5,"1":1},"b":{"0":[0,5],"1":[0,0],"2":[0,5],"3":[0,1],"4":[0,1],"5":[0,1]}}
,"C:\\Users\\JC\\Desktop\\CS468 - TaskTrack\\TaskTrack\\server\\src\\services\\taskService.ts": {"path":"C:\\Users\\JC\\Desktop\\CS468 - TaskTrack\\TaskTrack\\server\\src\\services\\taskService.ts","statementMap":{"0":{"start":{"line":1,"column":0},"end":{"line":1,"column":37}},"1":{"start":{"line":4,"column":25},"end":{"line":28,"column":1}},"2":{"start":{"line":8,"column":73},"end":{"line":8,"column":80}},"3":{"start":{"line":10,"column":21},"end":{"line":10,"column":31}},"4":{"start":{"line":11,"column":2},"end":{"line":13,"column":3}},"5":{"start":{"line":12,"column":4},"end":{"line":12,"column":26}},"6":{"start":{"line":14,"column":2},"end":{"line":16,"column":3}},"7":{"start":{"line":15,"column":4},"end":{"line":15,"column":30}},"8":{"start":{"line":18,"column":27},"end":{"line":18,"column":29}},"9":{"start":{"line":19,"column":2},"end":{"line":25,"column":3}},"10":{"start":{"line":20,"column":4},"end":{"line":20,"column":55}},"11":{"start":{"line":21,"column":9},"end":{"line":25,"column":3}},"12":{"start":{"line":22,"column":4},"end":{"line":22,"column":56}},"13":{"start":{"line":24,"column":4},"end":{"line":24,"column":55}},"14":{"start":{"line":27,"column":2},"end":{"line":27,"column":44}},"15":{"start":{"line":4,"column":13},"end":{"line":4,"column":25}},"16":{"start":{"line":30,"column":23},"end":{"line":32,"column":1}},"17":{"start":{"line":31,"column":2},"end":{"line":31,"column":43}},"18":{"start":{"line":30,"column":13},"end":{"line":30,"column":23}},"19":{"start":{"line":34,"column":26},"end":{"line":49,"column":1}},"20":{"start":{"line":38,"column":60},"end":{"line":38,"column":67}},"21":{"start":{"line":39,"column":15},"end":{"line":46,"column":4}},"22":{"start":{"line":47,"column":2},"end":{"line":47,"column":20}},"23":{"start":{"line":48,"column":2},"end":{"line":48,"column":14}},"24":{"start":{"line":34,"column":13},"end":{"line":34,"column":26}},"25":{"start":{"line":51,"column":26},"end":{"line":67,"column":1}},"26":{"start":{"line":56,"column":2},"end":{"line":66,"column":4}},"27":{"start":{"line":51,"column":13},"end":{"line":51,"column":26}},"28":{"start":{"line":69,"column":26},"end":{"line":71,"column":1}},"29":{"start":{"line":70,"column":2},"end":{"line":70,"column":52}},"30":{"start":{"line":69,"column":13},"end":{"line":69,"column":26}},"31":{"start":{"line":73,"column":24},"end":{"line":89,"column":1}},"32":{"start":{"line":74,"column":16},"end":{"line":77,"column":4}},"33":{"start":{"line":79,"column":24},"end":{"line":82,"column":4}},"34":{"start":{"line":84,"column":21},"end":{"line":84,"column":58}},"35":{"start":{"line":85,"column":25},"end":{"line":85,"column":81}},"36":{"start":{"line":85,"column":44},"end":{"line":85,"column":68}},"37":{"start":{"line":86,"column":25},"end":{"line":86,"column":93}},"38":{"start":{"line":88,"column":2},"end":{"line":88,"column":98}},"39":{"start":{"line":73,"column":13},"end":{"line":73,"column":24}}},"fnMap":{"0":{"name":"(anonymous_1)","decl":{"start":{"line":4,"column":25},"end":{"line":4,"column":30}},"loc":{"start":{"line":7,"column":4},"end":{"line":28,"column":1}}},"1":{"name":"(anonymous_2)","decl":{"start":{"line":30,"column":23},"end":{"line":30,"column":28}},"loc":{"start":{"line":30,"column":77},"end":{"line":32,"column":1}}},"2":{"name":"(anonymous_3)","decl":{"start":{"line":34,"column":26},"end":{"line":34,"column":31}},"loc":{"start":{"line":37,"column":4},"end":{"line":49,"column":1}}},"3":{"name":"(anonymous_4)","decl":{"start":{"line":51,"column":26},"end":{"line":51,"column":31}},"loc":{"start":{"line":55,"column":4},"end":{"line":67,"column":1}}},"4":{"name":"(anonymous_5)","decl":{"start":{"line":69,"column":26},"end":{"line":69,"column":31}},"loc":{"start":{"line":69,"column":80},"end":{"line":71,"column":1}}},"5":{"name":"(anonymous_6)","decl":{"start":{"line":73,"column":24},"end":{"line":73,"column":29}},"loc":{"start":{"line":73,"column":66},"end":{"line":89,"column":1}}},"6":{"name":"(anonymous_7)","decl":{"start":{"line":85,"column":36},"end":{"line":85,"column":40}},"loc":{"start":{"line":85,"column":44},"end":{"line":85,"column":68}}}},"branchMap":{"0":{"loc":{"start":{"line":8,"column":28},"end":{"line":8,"column":48}},"type":"default-arg","locations":[{"start":{"line":8,"column":37},"end":{"line":8,"column":48}}]},"1":{"loc":{"start":{"line":8,"column":50},"end":{"line":8,"column":68}},"type":"default-arg","locations":[{"start":{"line":8,"column":62},"end":{"line":8,"column":68}}]},"2":{"loc":{"start":{"line":11,"column":2},"end":{"line":13,"column":3}},"type":"if","locations":[{"start":{"line":11,"column":2},"end":{"line":13,"column":3}},{"start":{},"end":{}}]},"3":{"loc":{"start":{"line":11,"column":6},"end":{"line":11,"column":72}},"type":"binary-expr","locations":[{"start":{"line":11,"column":6},"end":{"line":11,"column":12}},{"start":{"line":11,"column":16},"end":{"line":11,"column":72}}]},"4":{"loc":{"start":{"line":14,"column":2},"end":{"line":16,"column":3}},"type":"if","locations":[{"start":{"line":14,"column":2},"end":{"line":16,"column":3}},{"start":{},"end":{}}]},"5":{"loc":{"start":{"line":14,"column":6},"end":{"line":14,"column":62}},"type":"binary-expr","locations":[{"start":{"line":14,"column":6},"end":{"line":14,"column":14}},{"start":{"line":14,"column":18},"end":{"line":14,"column":62}}]},"6":{"loc":{"start":{"line":19,"column":2},"end":{"line":25,"column":3}},"type":"if","locations":[{"start":{"line":19,"column":2},"end":{"line":25,"column":3}},{"start":{"line":21,"column":9},"end":{"line":25,"column":3}}]},"7":{"loc":{"start":{"line":20,"column":26},"end":{"line":20,"column":54}},"type":"cond-expr","locations":[{"start":{"line":20,"column":48},"end":{"line":20,"column":49}},{"start":{"line":20,"column":52},"end":{"line":20,"column":54}}]},"8":{"loc":{"start":{"line":21,"column":9},"end":{"line":25,"column":3}},"type":"if","locations":[{"start":{"line":21,"column":9},"end":{"line":25,"column":3}},{"start":{"line":23,"column":9},"end":{"line":25,"column":3}}]},"9":{"loc":{"start":{"line":22,"column":27},"end":{"line":22,"column":55}},"type":"cond-expr","locations":[{"start":{"line":22,"column":49},"end":{"line":22,"column":50}},{"start":{"line":22,"column":53},"end":{"line":22,"column":55}}]},"10":{"loc":{"start":{"line":24,"column":26},"end":{"line":24,"column":54}},"type":"cond-expr","locations":[{"start":{"line":24,"column":48},"end":{"line":24,"column":49}},{"start":{"line":24,"column":52},"end":{"line":24,"column":54}}]},"11":{"loc":{"start":{"line":42,"column":12},"end":{"line":42,"column":31}},"type":"binary-expr","locations":[{"start":{"line":42,"column":12},"end":{"line":42,"column":18}},{"start":{"line":42,"column":22},"end":{"line":42,"column":31}}]},"12":{"loc":{"start":{"line":43,"column":14},"end":{"line":43,"column":34}},"type":"binary-expr","locations":[{"start":{"line":43,"column":14},"end":{"line":43,"column":22}},{"start":{"line":43,"column":26},"end":{"line":43,"column":34}}]},"13":{"loc":{"start":{"line":44,"column":13},"end":{"line":44,"column":33}},"type":"binary-expr","locations":[{"start":{"line":44,"column":13},"end":{"line":44,"column":20}},{"start":{"line":44,"column":24},"end":{"line":44,"column":33}}]},"14":{"loc":{"start":{"line":59,"column":10},"end":{"line":59,"column":51}},"type":"binary-expr","locations":[{"start":{"line":59,"column":10},"end":{"line":59,"column":23}},{"start":{"line":59,"column":27},"end":{"line":59,"column":51}}]},"15":{"loc":{"start":{"line":60,"column":10},"end":{"line":60,"column":83}},"type":"binary-expr","locations":[{"start":{"line":60,"column":10},"end":{"line":60,"column":43}},{"start":{"line":60,"column":47},"end":{"line":60,"column":83}}]},"16":{"loc":{"start":{"line":61,"column":10},"end":{"line":61,"column":54}},"type":"binary-expr","locations":[{"start":{"line":61,"column":10},"end":{"line":61,"column":24}},{"start":{"line":61,"column":28},"end":{"line":61,"column":54}}]},"17":{"loc":{"start":{"line":62,"column":10},"end":{"line":62,"column":60}},"type":"binary-expr","locations":[{"start":{"line":62,"column":10},"end":{"line":62,"column":26}},{"start":{"line":62,"column":30},"end":{"line":62,"column":60}}]},"18":{"loc":{"start":{"line":63,"column":10},"end":{"line":63,"column":79}},"type":"binary-expr","locations":[{"start":{"line":63,"column":10},"end":{"line":63,"column":39}},{"start":{"line":63,"column":43},"end":{"line":63,"column":79}}]},"19":{"loc":{"start":{"line":63,"column":54},"end":{"line":63,"column":77}},"type":"binary-expr","locations":[{"start":{"line":63,"column":54},"end":{"line":63,"column":69}},{"start":{"line":63,"column":73},"end":{"line":63,"column":77}}]},"20":{"loc":{"start":{"line":85,"column":25},"end":{"line":85,"column":81}},"type":"binary-expr","locations":[{"start":{"line":85,"column":25},"end":{"line":85,"column":76}},{"start":{"line":85,"column":80},"end":{"line":85,"column":81}}]},"21":{"loc":{"start":{"line":86,"column":25},"end":{"line":86,"column":93}},"type":"cond-expr","locations":[{"start":{"line":86,"column":42},"end":{"line":86,"column":89}},{"start":{"line":86,"column":92},"end":{"line":86,"column":93}}]}},"s":{"0":4,"1":4,"2":1,"3":1,"4":1,"5":0,"6":1,"7":0,"8":1,"9":1,"10":0,"11":1,"12":0,"13":1,"14":1,"15":4,"16":4,"17":1,"18":4,"19":4,"20":4,"21":4,"22":4,"23":4,"24":4,"25":4,"26":1,"27":4,"28":4,"29":1,"30":4,"31":4,"32":1,"33":1,"34":1,"35":1,"36":1,"37":1,"38":1,"39":4},"f":{"0":1,"1":1,"2":4,"3":1,"4":1,"5":1,"6":1},"b":{"0":[0],"1":[0],"2":[0,1],"3":[1,0],"4":[0,1],"5":[1,0],"6":[0,1],"7":[0,0],"8":[0,1],"9":[0,0],"10":[0,1],"11":[4,1],"12":[4,4],"13":[4,4],"14":[1,0],"15":[1,0],"16":[1,1],"17":[1,0],"18":[1,0],"19":[0,0],"20":[1,0],"21":[1,0]}}
,"C:\\Users\\JC\\Desktop\\CS468 - TaskTrack\\TaskTrack\\server\\src\\utils\\ApiError.ts": {"path":"C:\\Users\\JC\\Desktop\\CS468 - TaskTrack\\TaskTrack\\server\\src\\utils\\ApiError.ts","statementMap":{"0":{"start":{"line":6,"column":4},"end":{"line":6,"column":19}},"1":{"start":{"line":7,"column":4},"end":{"line":7,"column":33}},"2":{"start":{"line":8,"column":4},"end":{"line":8,"column":27}},"3":{"start":{"line":9,"column":4},"end":{"line":9,"column":52}},"4":{"start":{"line":1,"column":0},"end":{"line":1,"column":13}},"5":{"start":{"line":13,"column":26},"end":{"line":15,"column":1}},"6":{"start":{"line":14,"column":2},"end":{"line":14,"column":101}},"7":{"start":{"line":13,"column":13},"end":{"line":13,"column":26}}},"fnMap":{"0":{"name":"(anonymous_0)","decl":{"start":{"line":5,"column":2},"end":{"line":5,"column":14}},"loc":{"start":{"line":5,"column":68},"end":{"line":10,"column":3}}},"1":{"name":"(anonymous_1)","decl":{"start":{"line":13,"column":26},"end":{"line":13,"column":27}},"loc":{"start":{"line":13,"column":60},"end":{"line":15,"column":1}}}},"branchMap":{"0":{"loc":{"start":{"line":14,"column":9},"end":{"line":14,"column":100}},"type":"binary-expr","locations":[{"start":{"line":14,"column":9},"end":{"line":14,"column":32}},{"start":{"line":14,"column":36},"end":{"line":14,"column":48}},{"start":{"line":14,"column":52},"end":{"line":14,"column":100}}]}},"s":{"0":5,"1":5,"2":5,"3":5,"4":6,"5":6,"6":5,"7":6},"f":{"0":5,"1":5},"b":{"0":[5,5,5]}}
}
