TN:
SF:src\server.ts
FN:28,(anonymous_0)
FN:61,(anonymous_1)
FN:86,(anonymous_2)
FN:90,(anonymous_3)
FN:98,(anonymous_4)
FNF:5
FNH:0
FNDA:0,(anonymous_0)
FNDA:0,(anonymous_1)
FNDA:0,(anonymous_2)
FNDA:0,(anonymous_3)
FNDA:0,(anonymous_4)
DA:12,0
DA:15,0
DA:19,0
DA:25,0
DA:27,0
DA:30,0
DA:31,0
DA:33,0
DA:42,0
DA:43,0
DA:44,0
DA:45,0
DA:55,0
DA:56,0
DA:58,0
DA:61,0
DA:62,0
DA:63,0
DA:64,0
DA:65,0
DA:68,0
DA:69,0
DA:71,0
DA:73,0
DA:78,0
DA:82,0
DA:83,0
DA:86,0
DA:87,0
DA:90,0
DA:91,0
DA:95,0
DA:96,0
DA:98,0
LF:34
LH:0
BRDA:30,0,0,0
BRDA:30,0,1,0
BRDA:30,1,0,0
BRDA:30,1,1,0
BRDA:30,1,2,0
BRDA:58,2,0,0
BRDA:58,2,1,0
BRDA:64,3,0,0
BRDA:64,3,1,0
BRF:9
BRH:0
end_of_record
TN:
SF:src\controllers\authController.ts
FN:4,(anonymous_0)
FN:13,(anonymous_1)
FN:22,(anonymous_2)
FNF:3
FNH:2
FNDA:5,(anonymous_0)
FNDA:1,(anonymous_1)
FNDA:0,(anonymous_2)
DA:2,6
DA:4,6
DA:5,5
DA:6,5
DA:7,5
DA:8,0
DA:10,5
DA:13,6
DA:14,1
DA:15,1
DA:16,1
DA:17,0
DA:19,1
DA:22,6
DA:23,0
DA:24,0
LF:16
LH:12
BRDA:7,0,0,0
BRDA:7,0,1,5
BRDA:16,1,0,0
BRDA:16,1,1,1
BRF:4
BRH:2
end_of_record
TN:
SF:src\controllers\taskController.ts
FN:5,(anonymous_0)
FN:15,(anonymous_1)
FN:21,(anonymous_2)
FN:32,(anonymous_3)
FN:44,(anonymous_4)
FN:50,(anonymous_5)
FNF:6
FNH:6
FNDA:1,(anonymous_0)
FNDA:1,(anonymous_1)
FNDA:4,(anonymous_2)
FNDA:1,(anonymous_3)
FNDA:1,(anonymous_4)
FNDA:1,(anonymous_5)
DA:3,4
DA:5,4
DA:6,1
DA:12,1
DA:15,4
DA:16,1
DA:17,1
DA:18,0
DA:21,4
DA:22,4
DA:29,4
DA:32,4
DA:33,1
DA:40,1
DA:41,1
DA:44,4
DA:45,1
DA:46,1
DA:47,1
DA:50,4
DA:51,1
DA:52,1
LF:22
LH:21
BRDA:9,0,0,1
BRDA:9,0,1,1
BRDA:10,1,0,1
BRDA:10,1,1,1
BRDA:17,2,0,1
BRDA:17,2,1,0
BRDA:27,3,0,4
BRDA:27,3,1,4
BRDA:38,4,0,1
BRDA:38,4,1,1
BRDA:40,5,0,0
BRDA:40,5,1,1
BRDA:46,6,0,0
BRDA:46,6,1,1
BRF:14
BRH:11
end_of_record
TN:
SF:src\middleware\auth.ts
FN:10,(anonymous_1)
FNF:1
FNH:1
FNDA:10,(anonymous_1)
DA:2,6
DA:3,6
DA:10,6
DA:11,10
DA:12,10
DA:13,10
DA:15,10
DA:16,1
DA:19,9
DA:20,9
DA:21,0
DA:24,9
DA:25,9
DA:27,9
DA:28,0
DA:31,9
DA:32,9
DA:34,0
LF:18
LH:15
BRDA:13,0,0,10
BRDA:13,0,1,9
BRDA:15,1,0,1
BRDA:15,1,1,9
BRDA:20,2,0,0
BRDA:20,2,1,9
BRDA:27,3,0,0
BRDA:27,3,1,9
BRF:8
BRH:6
end_of_record
TN:
SF:src\middleware\errorHandler.ts
FN:4,(anonymous_0)
FN:8,(anonymous_1)
FN:22,(anonymous_2)
FN:23,(anonymous_3)
FNF:4
FNH:3
FNDA:0,(anonymous_0)
FNDA:5,(anonymous_1)
FNDA:36,(anonymous_2)
FNDA:15,(anonymous_3)
DA:2,6
DA:4,6
DA:5,0
DA:8,6
DA:9,5
DA:10,5
DA:13,0
DA:14,0
DA:17,0
DA:18,0
DA:19,0
DA:22,6
DA:23,36
DA:24,15
LF:14
LH:8
BRDA:9,0,0,5
BRDA:9,0,1,0
BRDA:13,1,0,0
BRDA:13,1,1,0
BRDA:13,2,0,0
BRDA:13,2,1,0
BRDA:17,3,0,0
BRDA:17,3,1,0
BRDA:17,4,0,0
BRDA:17,4,1,0
BRDA:18,5,0,0
BRDA:18,5,1,0
BRF:12
BRH:1
end_of_record
TN:
SF:src\middleware\validation.ts
FN:5,(anonymous_0)
FN:6,(anonymous_1)
FN:7,(anonymous_2)
FN:53,(anonymous_3)
FNF:4
FNH:3
FNDA:32,(anonymous_0)
FNDA:20,(anonymous_1)
FNDA:67,(anonymous_2)
FNDA:0,(anonymous_3)
DA:2,6
DA:3,6
DA:5,6
DA:6,32
DA:7,67
DA:9,20
DA:10,20
DA:11,15
DA:14,5
DA:18,6
DA:30,6
DA:54,0
DA:55,0
LF:13
LH:11
BRDA:10,0,0,15
BRDA:10,0,1,5
BRDA:54,1,0,0
BRDA:54,1,1,0
BRF:4
BRH:2
end_of_record
TN:
SF:src\models\Task.ts
FNF:0
FNH:0
DA:1,4
DA:14,4
DA:48,4
LF:3
LH:3
BRF:0
BRH:0
end_of_record
TN:
SF:src\models\User.ts
FN:40,(anonymous_10)
FN:53,(anonymous_11)
FNF:2
FNH:2
FNDA:5,(anonymous_10)
FNDA:1,(anonymous_11)
DA:1,6
DA:2,6
DA:13,6
DA:40,6
DA:41,5
DA:43,5
DA:44,5
DA:45,5
DA:46,5
DA:48,0
DA:53,6
DA:54,1
DA:57,6
LF:13
LH:12
BRDA:41,0,0,0
BRDA:41,0,1,5
BRF:2
BRH:1
end_of_record
TN:
SF:src\routes\auth.ts
FNF:0
FNH:0
DA:1,6
DA:2,6
DA:3,6
DA:4,6
DA:5,6
DA:7,6
DA:10,6
DA:13,6
DA:16,6
DA:18,6
LF:10
LH:10
BRF:0
BRH:0
end_of_record
TN:
SF:src\routes\tasks.ts
FNF:0
FNH:0
DA:1,4
DA:2,4
DA:3,4
DA:4,4
DA:5,4
DA:7,4
DA:10,4
DA:13,4
DA:16,4
DA:19,4
DA:22,4
DA:25,4
DA:27,4
LF:13
LH:13
BRF:0
BRH:0
end_of_record
TN:
SF:src\services\authService.ts
FN:4,(anonymous_1)
FN:30,(anonymous_2)
FNF:2
FNH:2
FNDA:5,(anonymous_1)
FNDA:1,(anonymous_2)
DA:1,6
DA:2,6
DA:4,6
DA:5,5
DA:9,5
DA:10,0
DA:11,0
DA:14,5
DA:15,5
DA:17,5
DA:18,5
DA:19,0
DA:22,5
DA:24,5
DA:30,6
DA:31,1
DA:32,1
DA:33,0
DA:36,1
DA:37,1
DA:38,0
DA:41,1
DA:42,1
DA:43,0
DA:46,1
DA:48,1
LF:26
LH:20
BRDA:9,0,0,0
BRDA:9,0,1,5
BRDA:10,1,0,0
BRDA:10,1,1,0
BRDA:18,2,0,0
BRDA:18,2,1,5
BRDA:32,3,0,0
BRDA:32,3,1,1
BRDA:37,4,0,0
BRDA:37,4,1,1
BRDA:42,5,0,0
BRDA:42,5,1,1
BRF:12
BRH:5
end_of_record
TN:
SF:src\services\taskService.ts
FN:4,(anonymous_1)
FN:30,(anonymous_2)
FN:34,(anonymous_3)
FN:51,(anonymous_4)
FN:69,(anonymous_5)
FN:73,(anonymous_6)
FN:85,(anonymous_7)
FNF:7
FNH:7
FNDA:1,(anonymous_1)
FNDA:1,(anonymous_2)
FNDA:4,(anonymous_3)
FNDA:1,(anonymous_4)
FNDA:1,(anonymous_5)
FNDA:1,(anonymous_6)
FNDA:1,(anonymous_7)
DA:1,4
DA:4,4
DA:8,1
DA:10,1
DA:11,1
DA:12,0
DA:14,1
DA:15,0
DA:18,1
DA:19,1
DA:20,0
DA:21,1
DA:22,0
DA:24,1
DA:27,1
DA:30,4
DA:31,1
DA:34,4
DA:38,4
DA:39,4
DA:47,4
DA:48,4
DA:51,4
DA:56,1
DA:69,4
DA:70,1
DA:73,4
DA:74,1
DA:79,1
DA:84,1
DA:85,1
DA:86,1
DA:88,1
LF:33
LH:29
BRDA:8,0,0,0
BRDA:8,1,0,0
BRDA:11,2,0,0
BRDA:11,2,1,1
BRDA:11,3,0,1
BRDA:11,3,1,0
BRDA:14,4,0,0
BRDA:14,4,1,1
BRDA:14,5,0,1
BRDA:14,5,1,0
BRDA:19,6,0,0
BRDA:19,6,1,1
BRDA:20,7,0,0
BRDA:20,7,1,0
BRDA:21,8,0,0
BRDA:21,8,1,1
BRDA:22,9,0,0
BRDA:22,9,1,0
BRDA:24,10,0,0
BRDA:24,10,1,1
BRDA:42,11,0,4
BRDA:42,11,1,1
BRDA:43,12,0,4
BRDA:43,12,1,4
BRDA:44,13,0,4
BRDA:44,13,1,4
BRDA:59,14,0,1
BRDA:59,14,1,0
BRDA:60,15,0,1
BRDA:60,15,1,0
BRDA:61,16,0,1
BRDA:61,16,1,1
BRDA:62,17,0,1
BRDA:62,17,1,0
BRDA:63,18,0,1
BRDA:63,18,1,0
BRDA:63,19,0,0
BRDA:63,19,1,0
BRDA:85,20,0,1
BRDA:85,20,1,0
BRDA:86,21,0,1
BRDA:86,21,1,0
BRF:42
BRH:21
end_of_record
TN:
SF:src\utils\ApiError.ts
FN:5,(anonymous_0)
FN:13,(anonymous_1)
FNF:2
FNH:2
FNDA:5,(anonymous_0)
FNDA:5,(anonymous_1)
DA:1,6
DA:6,5
DA:7,5
DA:8,5
DA:9,5
DA:13,6
DA:14,5
LF:7
LH:7
BRDA:14,0,0,5
BRDA:14,0,1,5
BRDA:14,0,2,5
BRF:3
BRH:3
end_of_record
